<?xml version="1.0" encoding="UTF-8"?>
<testsuite xmlns:xsi="http://www.w3.org/2001/XMLSchema-instance" xsi:noNamespaceSchemaLocation="https://maven.apache.org/surefire/maven-surefire-plugin/xsd/surefire-test-report.xsd" name="com.yupi.autoreply.api.openai.OpenAiApiTest" time="25.367" tests="1" errors="1" skipped="0" failures="0">
  <properties>
[...]
</properties>
  <testcase name="createCompletion" classname="com.yupi.autoreply.api.openai.OpenAiApiTest" time="22.186">
    <error message="ConnectException: Connection timed out: connect" type="cn.hutool.core.io.IORuntimeException">cn.hutool.core.io.IORuntimeException: ConnectException: Connection timed out: connect
	at com.yupi.autoreply.api.openai.OpenAiApiTest.createCompletion(OpenAiApiTest.java:32)
Caused by: java.net.ConnectException: Connection timed out: connect
	at com.yupi.autoreply.api.openai.OpenAiApiTest.createCompletion(OpenAiApiTest.java:32)
</error>
    <system-out><![CDATA[11:42:17.787 [main] DEBUG org.springframework.test.context.BootstrapUtils - Instantiating CacheAwareContextLoaderDelegate from class [org.springframework.test.context.cache.DefaultCacheAwareContextLoaderDelegate]
11:42:17.787 [main] DEBUG org.springframework.test.context.BootstrapUtils - Instantiating BootstrapContext using constructor [public org.springframework.test.context.support.DefaultBootstrapContext(java.lang.Class,org.springframework.test.context.CacheAwareContextLoaderDelegate)]
11:42:17.824 [main] DEBUG org.springframework.test.context.BootstrapUtils - Instantiating TestContextBootstrapper for test class [com.yupi.autoreply.api.openai.OpenAiApiTest] from class [org.springframework.boot.test.context.SpringBootTestContextBootstrapper]
11:42:17.824 [main] INFO org.springframework.boot.test.context.SpringBootTestContextBootstrapper - Neither @ContextConfiguration nor @ContextHierarchy found for test class [com.yupi.autoreply.api.openai.OpenAiApiTest], using SpringBootContextLoader
11:42:17.840 [main] DEBUG org.springframework.test.context.support.AbstractContextLoader - Did not detect default resource location for test class [com.yupi.autoreply.api.openai.OpenAiApiTest]: class path resource [com/yupi/autoreply/api/openai/OpenAiApiTest-context.xml] does not exist
11:42:17.840 [main] DEBUG org.springframework.test.context.support.AbstractContextLoader - Did not detect default resource location for test class [com.yupi.autoreply.api.openai.OpenAiApiTest]: class path resource [com/yupi/autoreply/api/openai/OpenAiApiTestContext.groovy] does not exist
11:42:17.840 [main] INFO org.springframework.test.context.support.AbstractContextLoader - Could not detect default resource locations for test class [com.yupi.autoreply.api.openai.OpenAiApiTest]: no resource found for suffixes {-context.xml, Context.groovy}.
11:42:17.840 [main] INFO org.springframework.test.context.support.AnnotationConfigContextLoaderUtils - Could not detect default configuration classes for test class [com.yupi.autoreply.api.openai.OpenAiApiTest]: OpenAiApiTest does not declare any static, non-private, non-final, nested classes annotated with @Configuration.
11:42:17.871 [main] DEBUG org.springframework.test.context.support.ActiveProfilesUtils - Could not find an 'annotation declaring class' for annotation type [org.springframework.test.context.ActiveProfiles] and class [com.yupi.autoreply.api.openai.OpenAiApiTest]
11:42:17.925 [main] DEBUG org.springframework.context.annotation.ClassPathScanningCandidateComponentProvider - Identified candidate component class: file [D:\IDEAProject\reply\target\classes\com\yupi\autoreply\MainApplication.class]
11:42:17.940 [main] INFO org.springframework.boot.test.context.SpringBootTestContextBootstrapper - Found @SpringBootConfiguration com.yupi.autoreply.MainApplication for test class com.yupi.autoreply.api.openai.OpenAiApiTest
11:42:18.003 [main] DEBUG org.springframework.boot.test.context.SpringBootTestContextBootstrapper - @TestExecutionListeners is not present for class [com.yupi.autoreply.api.openai.OpenAiApiTest]: using defaults.
11:42:18.003 [main] INFO org.springframework.boot.test.context.SpringBootTestContextBootstrapper - Loaded default TestExecutionListener class names from location [META-INF/spring.factories]: [org.springframework.boot.test.mock.mockito.MockitoTestExecutionListener, org.springframework.boot.test.mock.mockito.ResetMocksTestExecutionListener, org.springframework.boot.test.autoconfigure.restdocs.RestDocsTestExecutionListener, org.springframework.boot.test.autoconfigure.web.client.MockRestServiceServerResetTestExecutionListener, org.springframework.boot.test.autoconfigure.web.servlet.MockMvcPrintOnlyOnFailureTestExecutionListener, org.springframework.boot.test.autoconfigure.web.servlet.WebDriverTestExecutionListener, org.springframework.boot.test.autoconfigure.webservices.client.MockWebServiceServerTestExecutionListener, org.springframework.test.context.web.ServletTestExecutionListener, org.springframework.test.context.support.DirtiesContextBeforeModesTestExecutionListener, org.springframework.test.context.event.ApplicationEventsTestExecutionListener, org.springframework.test.context.support.DependencyInjectionTestExecutionListener, org.springframework.test.context.support.DirtiesContextTestExecutionListener, org.springframework.test.context.transaction.TransactionalTestExecutionListener, org.springframework.test.context.jdbc.SqlScriptsTestExecutionListener, org.springframework.test.context.event.EventPublishingTestExecutionListener]
11:42:18.025 [main] DEBUG org.springframework.boot.test.context.SpringBootTestContextBootstrapper - Skipping candidate TestExecutionListener [org.springframework.test.context.transaction.TransactionalTestExecutionListener] due to a missing dependency. Specify custom listener classes or make the default listener classes and their required dependencies available. Offending class: [org/springframework/transaction/interceptor/TransactionAttributeSource]
11:42:18.025 [main] DEBUG org.springframework.boot.test.context.SpringBootTestContextBootstrapper - Skipping candidate TestExecutionListener [org.springframework.test.context.jdbc.SqlScriptsTestExecutionListener] due to a missing dependency. Specify custom listener classes or make the default listener classes and their required dependencies available. Offending class: [org/springframework/transaction/interceptor/TransactionAttribute]
11:42:18.025 [main] INFO org.springframework.boot.test.context.SpringBootTestContextBootstrapper - Using TestExecutionListeners: [org.springframework.test.context.web.ServletTestExecutionListener@338fc1d8, org.springframework.test.context.support.DirtiesContextBeforeModesTestExecutionListener@4722ef0c, org.springframework.test.context.event.ApplicationEventsTestExecutionListener@48e1f6c7, org.springframework.boot.test.mock.mockito.MockitoTestExecutionListener@55cb6996, org.springframework.boot.test.autoconfigure.SpringBootDependencyInjectionTestExecutionListener@1807e3f6, org.springframework.test.context.support.DirtiesContextTestExecutionListener@480d3575, org.springframework.test.context.event.EventPublishingTestExecutionListener@f1da57d, org.springframework.boot.test.mock.mockito.ResetMocksTestExecutionListener@194fad1, org.springframework.boot.test.autoconfigure.restdocs.RestDocsTestExecutionListener@26abb146, org.springframework.boot.test.autoconfigure.web.client.MockRestServiceServerResetTestExecutionListener@72c8e7b, org.springframework.boot.test.autoconfigure.web.servlet.MockMvcPrintOnlyOnFailureTestExecutionListener@65f8f5ae, org.springframework.boot.test.autoconfigure.web.servlet.WebDriverTestExecutionListener@431cd9b2, org.springframework.boot.test.autoconfigure.webservices.client.MockWebServiceServerTestExecutionListener@38467116]
11:42:18.025 [main] DEBUG org.springframework.test.context.support.AbstractDirtiesContextTestExecutionListener - Before test class: context [DefaultTestContext@55de24cc testClass = OpenAiApiTest, testInstance = [null], testMethod = [null], testException = [null], mergedContextConfiguration = [WebMergedContextConfiguration@dc7df28 testClass = OpenAiApiTest, locations = '{}', classes = '{class com.yupi.autoreply.MainApplication}', contextInitializerClasses = '[]', activeProfiles = '{}', propertySourceLocations = '{}', propertySourceProperties = '{org.springframework.boot.test.context.SpringBootTestContextBootstrapper=true}', contextCustomizers = set[org.springframework.boot.test.context.filter.ExcludeFilterContextCustomizer@313ac989, org.springframework.boot.test.json.DuplicateJsonObjectContextCustomizerFactory$DuplicateJsonObjectContextCustomizer@31304f14, org.springframework.boot.test.mock.mockito.MockitoContextCustomizer@0, org.springframework.boot.test.web.client.TestRestTemplateContextCustomizer@59474f18, org.springframework.boot.test.autoconfigure.actuate.metrics.MetricsExportContextCustomizerFactory$DisableMetricExportContextCustomizer@397fbdb, org.springframework.boot.test.autoconfigure.properties.PropertyMappingContextCustomizer@0, org.springframework.boot.test.autoconfigure.web.servlet.WebDriverContextCustomizerFactory$Customizer@3c46e67a, org.springframework.boot.test.context.SpringBootTestArgs@1, org.springframework.boot.test.context.SpringBootTestWebEnvironment@553f17c], resourceBasePath = 'src/main/webapp', contextLoader = 'org.springframework.boot.test.context.SpringBootContextLoader', parent = [null]], attributes = map['org.springframework.test.context.web.ServletTestExecutionListener.activateListener' -> true]], class annotated with @DirtiesContext [false] with mode [null].

? 防伪水印哈哈哈哈
by 程序员鱼皮：https://github.com/liyupi
可能是最好的编程学习圈子：https://yupi.icu

2023-04-28 11:42:18.359  INFO 3364 --- [           main] c.y.autoreply.api.openai.OpenAiApiTest   : Starting OpenAiApiTest using Java 1.8.0_181 on LAPTOP-G3BJ0UD3 with PID 3364 (started by song in D:\IDEAProject\reply)
2023-04-28 11:42:18.379  INFO 3364 --- [           main] c.y.autoreply.api.openai.OpenAiApiTest   : No active profile set, falling back to 1 default profile: "default"
2023-04-28 11:42:20.519  WARN 3364 --- [           main] ion$DefaultTemplateResolverConfiguration : Cannot find template location: classpath:/templates/ (please add some templates or check your Thymeleaf configuration)
2023-04-28 11:42:20.899  INFO 3364 --- [           main] com.yupi.autoreply.config.TaskConfig     : --- 任务注册开始 ---
2023-04-28 11:42:20.899  INFO 3364 --- [           main] com.yupi.autoreply.config.TaskConfig     : --- 任务注册结果 ---
2023-04-28 11:42:20.901  INFO 3364 --- [           main] c.y.autoreply.api.openai.OpenAiApiTest   : Started OpenAiApiTest in 2.845 seconds (JVM running for 3.671)
2023-04-28 11:42:20.909  INFO 3364 --- [           main] com.yupi.autoreply.MainApplication       : OpenAi 配置 ZsxqConfig(cookie=你的星球cookie, groupId=你的星球id, silenced=true)
2023-04-28 11:42:20.909  INFO 3364 --- [           main] com.yupi.autoreply.MainApplication       : 知识星球配置 OpenAiConfig(model=gpt-3.5-turbo, apiKey=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)
]]></system-out>
  </testcase>
</testsuite>